06/04/20 21:01:58 - Process(89.3) User(mqm) Program(amqzmuc0)
                    Host(3a2a239d9bbd) Installation(Installation1)
                    VRMF(9.1.5.0) QMgr(QM1)
                    Time(2020-06-04T21:01:58.338Z)
                    CommentInsert1(Linux 4.19.76-linuxkit (MQ Linux (x86-64 platform) 64-bit))
                    CommentInsert2(/opt/mqm (Installation1))
                    CommentInsert3(9.1.5.0 (p915-ifix-L200325.DE))
                   
AMQ6287I: IBM MQ V9.1.5.0 (p915-ifix-L200325.DE).

EXPLANATION:
IBM MQ system information: 
Host Info         :- Linux 4.19.76-linuxkit (MQ Linux (x86-64 platform) 64-bit)

Installation      :- /opt/mqm (Installation1) 
Version           :- 9.1.5.0 (p915-ifix-L200325.DE)
ACTION:
None.
----- amqxeida.c : 6457 -------------------------------------------------------
06/04/20 21:01:58 - Process(89.3) User(mqm) Program(amqzmuc0)
                    Host(3a2a239d9bbd) Installation(Installation1)
                    VRMF(9.1.5.0) QMgr(QM1)
                    Time(2020-06-04T21:01:58.319Z)
                    ArithInsert2(1)
                    CommentInsert1(LOGGER-IO)
                   
AMQ5051I: The queue manager task 'LOGGER-IO' has started.

EXPLANATION:
The critical utility task manager has started the LOGGER-IO task. This task has
now started 1 times.
ACTION:
None.
----- amqzmut0.c : 1731 -------------------------------------------------------
06/04/20 21:01:58 - Process(89.4) User(mqm) Program(amqzmuc0)
                    Host(3a2a239d9bbd) Installation(Installation1)
                    VRMF(9.1.5.0) QMgr(QM1)
                    Time(2020-06-04T21:01:58.430Z)
                    ArithInsert2(1)
                    CommentInsert1(CHECKPOINT)
                   
AMQ5051I: The queue manager task 'CHECKPOINT' has started.

EXPLANATION:
The critical utility task manager has started the CHECKPOINT task. This task
has now started 1 times.
ACTION:
None.
----- amqzmut0.c : 1731 -------------------------------------------------------
06/04/20 21:01:58 - Process(89.1) User(mqm) Program(amqzmuc0)
                    Host(3a2a239d9bbd) Installation(Installation1)
                    VRMF(9.1.5.0) QMgr(QM1)
                    Time(2020-06-04T21:01:58.449Z)
                    CommentInsert1(CHECKPOINT)
                   
AMQ5041I: The queue manager task 'CHECKPOINT' has ended.

EXPLANATION:
The queue manager task CHECKPOINT has ended.
ACTION:
None.
----- amqzmut0.c : 3834 -------------------------------------------------------
06/04/20 21:01:58 - Process(89.1) User(mqm) Program(amqzmuc0)
                    Host(3a2a239d9bbd) Installation(Installation1)
                    VRMF(9.1.5.0) QMgr(QM1)
                    Time(2020-06-04T21:01:58.458Z)
                    CommentInsert1(LOGGER-IO)
                   
AMQ5041I: The queue manager task 'LOGGER-IO' has ended.

EXPLANATION:
The queue manager task LOGGER-IO has ended.
ACTION:
None.
----- amqzmut0.c : 3678 -------------------------------------------------------
06/04/20 21:02:42 - Process(77.1) User(mqm) Program(strmqm)
                    Host(3a2a239d9bbd) Installation(Installation1)
                    VRMF(9.1.5.0) QMgr(QM1)
                    Time(2020-06-04T21:02:42.006Z)
                    CommentInsert1(INI)
                   
AMQ5775I: Successfully applied automatic configuration INI definitions.

EXPLANATION:
During queue manager start, the requested INI definitions were obtained and
applied to the queue manager configuration as defined in the qm.ini Autoconfig
section.
ACTION:
None.
----- amqzutc0.c : 2145 -------------------------------------------------------
06/04/20 21:04:16 - Process(83.1) User(mqm) Program(strmqm)
                    Host(929fbb841d36) Installation(Installation1)
                    VRMF(9.1.5.0) QMgr(QM1)
                    Time(2020-06-04T21:04:16.933Z)
                    CommentInsert1(INI)
                   
AMQ5775I: Successfully applied automatic configuration INI definitions.

EXPLANATION:
During queue manager start, the requested INI definitions were obtained and
applied to the queue manager configuration as defined in the qm.ini Autoconfig
section.
ACTION:
None.
----- amqzutc0.c : 2145 -------------------------------------------------------
